# JRE version: OpenJDK Runtime Environment Temurin-21.0.11+10 (21.0.11+10) (build 21.0.11+10-LTS)
# Java VM: OpenJDK 64-Bit Server VM Temurin-21.0.11+10 (21.0.11+10-LTS, mixed mode, sharing, tiered, compressed oops, compressed class ptrs, g1 gc, windows-amd64)
GC Precious Log:
 CardTable entry size: 512
 Card Set container configuration: InlinePtr #cards 5 size 8 Array Of Cards #cards 12 size 40 Howl #buckets 4 coarsen threshold 1843 Howl Bitmap #cards 512 size 80 coarsen threshold 460 Card regions per heap region 1 cards per card region 2048
 CPUs: 12 total, 12 available
 Memory: 7501M
 Large Page Support: Disabled
 NUMA Support: Disabled
 Compressed Oops: Enabled (32-bit)
 Heap Region Size: 1M
 Heap Min Capacity: 8M
 Heap Initial Capacity: 118M
 Heap Max Capacity: 2G
 Pre-touch: Disabled
 Parallel Workers: 10
 Concurrent Workers: 3
 Concurrent Refinement Workers: 10
 Periodic GC: Disabled
Heap:
 garbage-first heap   total 137216K, used 107173K [0x0000000080000000, 0x0000000100000000)
  region size 1024K, 19 young (19456K), 1 survivors (1024K)
 Metaspace       used 78737K, committed 80832K, reserved 557056K
  class space    used 11303K, committed 12288K, reserved 425984K
GC Heap History (20 events):
Event: 120.278 GC heap before
{Heap before GC invocations=16 (full 0):
 garbage-first heap   total 100352K, used 90767K [0x0000000080000000, 0x0000000100000000)
  region size 1024K, 33 young (33792K), 3 survivors (3072K)
 Metaspace       used 61219K, committed 63168K, reserved 491520K
  class space    used 8899K, committed 9856K, reserved 425984K
}
Event: 120.288 GC heap after
{Heap after GC invocations=17 (full 0):
 garbage-first heap   total 100352K, used 62083K [0x0000000080000000, 0x0000000100000000)
  region size 1024K, 5 young (5120K), 5 survivors (5120K)
 Metaspace       used 61219K, committed 63168K, reserved 491520K
  class space    used 8899K, committed 9856K, reserved 425984K
}
Event: 127.183 GC heap before
{Heap before GC invocations=17 (full 0):
 garbage-first heap   total 100352K, used 91779K [0x0000000080000000, 0x0000000100000000)
  region size 1024K, 34 young (34816K), 5 survivors (5120K)
 Metaspace       used 63761K, committed 65728K, reserved 491520K
  class space    used 9303K, committed 10304K, reserved 425984K
}
Event: 127.200 GC heap after
{Heap after GC invocations=18 (full 0):
 garbage-first heap   total 100352K, used 63077K [0x0000000080000000, 0x0000000100000000)
  region size 1024K, 4 young (4096K), 4 survivors (4096K)
 Metaspace       used 63761K, committed 65728K, reserved 491520K
  class space    used 9303K, committed 10304K, reserved 425984K
}
Event: 134.525 GC heap before
{Heap before GC invocations=19 (full 0):
 garbage-first heap   total 107520K, used 92773K [0x0000000080000000, 0x0000000100000000)
  region size 1024K, 33 young (33792K), 4 survivors (4096K)
 Metaspace       used 65545K, committed 67520K, reserved 491520K
  class space    used 9542K, committed 10496K, reserved 425984K
}
Event: 134.533 GC heap after
{Heap after GC invocations=20 (full 0):
 garbage-first heap   total 107520K, used 63985K [0x0000000080000000, 0x0000000100000000)
  region size 1024K, 3 young (3072K), 3 survivors (3072K)
 Metaspace       used 65545K, committed 67520K, reserved 491520K
  class space    used 9542K, committed 10496K, reserved 425984K
}
Event: 140.329 GC heap before
{Heap before GC invocations=20 (full 0):
 garbage-first heap   total 107520K, used 96753K [0x0000000080000000, 0x0000000100000000)
  region size 1024K, 36 young (36864K), 3 survivors (3072K)
 Metaspace       used 66773K, committed 68736K, reserved 491520K
  class space    used 9719K, committed 10688K, reserved 425984K
}
Event: 140.342 GC heap after
{Heap after GC invocations=21 (full 0):
 garbage-first heap   total 107520K, used 68144K [0x0000000080000000, 0x0000000100000000)
  region size 1024K, 5 young (5120K), 5 survivors (5120K)
 Metaspace       used 66773K, committed 68736K, reserved 491520K
  class space    used 9719K, committed 10688K, reserved 425984K
}
Event: 151.848 GC heap before
{Heap before GC invocations=21 (full 0):
 garbage-first heap   total 107520K, used 98864K [0x0000000080000000, 0x0000000100000000)
  region size 1024K, 35 young (35840K), 5 survivors (5120K)
 Metaspace       used 68345K, committed 70400K, reserved 491520K
  class space    used 9927K, committed 10944K, reserved 425984K
}
Event: 151.863 GC heap after
{Heap after GC invocations=22 (full 0):
 garbage-first heap   total 108544K, used 72302K [0x0000000080000000, 0x0000000100000000)
  region size 1024K, 4 young (4096K), 4 survivors (4096K)
 Metaspace       used 68345K, committed 70400K, reserved 491520K
  class space    used 9927K, committed 10944K, reserved 425984K
}
Event: 161.875 GC heap before
{Heap before GC invocations=23 (full 0):
 garbage-first heap   total 121856K, used 99950K [0x0000000080000000, 0x0000000100000000)
  region size 1024K, 31 young (31744K), 4 survivors (4096K)
 Metaspace       used 70189K, committed 72192K, reserved 491520K
  class space    used 10210K, committed 11200K, reserved 425984K
}
Event: 161.884 GC heap after
{Heap after GC invocations=24 (full 0):
 garbage-first heap   total 121856K, used 74501K [0x0000000080000000, 0x0000000100000000)
  region size 1024K, 3 young (3072K), 3 survivors (3072K)
 Metaspace       used 70189K, committed 72192K, reserved 491520K
  class space    used 10210K, committed 11200K, reserved 425984K
}
Event: 165.838 GC heap before
{Heap before GC invocations=24 (full 0):
 garbage-first heap   total 121856K, used 109317K [0x0000000080000000, 0x0000000100000000)
  region size 1024K, 38 young (38912K), 3 survivors (3072K)
 Metaspace       used 72372K, committed 74432K, reserved 491520K
  class space    used 10611K, committed 11584K, reserved 425984K
}
Event: 165.858 GC heap after
{Heap after GC invocations=25 (full 0):
 garbage-first heap   total 121856K, used 78451K [0x0000000080000000, 0x0000000100000000)
  region size 1024K, 5 young (5120K), 5 survivors (5120K)
 Metaspace       used 72372K, committed 74432K, reserved 491520K
  class space    used 10611K, committed 11584K, reserved 425984K
}
Event: 167.256 GC heap before
{Heap before GC invocations=25 (full 0):
 garbage-first heap   total 121856K, used 97907K [0x0000000080000000, 0x0000000100000000)
  region size 1024K, 26 young (26624K), 5 survivors (5120K)
 Metaspace       used 72557K, committed 74624K, reserved 491520K
  class space    used 10622K, committed 11648K, reserved 425984K
}
Event: 167.266 GC heap after
{Heap after GC invocations=26 (full 0):
 garbage-first heap   total 121856K, used 81087K [0x0000000080000000, 0x0000000100000000)
  region size 1024K, 3 young (3072K), 3 survivors (3072K)
 Metaspace       used 72557K, committed 74624K, reserved 491520K
  class space    used 10622K, committed 11648K, reserved 425984K
}
Event: 172.701 GC heap before
{Heap before GC invocations=27 (full 0):
 garbage-first heap   total 137216K, used 115903K [0x0000000080000000, 0x0000000100000000)
  region size 1024K, 33 young (33792K), 3 survivors (3072K)
 Metaspace       used 74226K, committed 76288K, reserved 491520K
  class space    used 10833K, committed 11840K, reserved 425984K
}
Event: 172.709 GC heap after
{Heap after GC invocations=28 (full 0):
 garbage-first heap   total 137216K, used 91899K [0x0000000080000000, 0x0000000100000000)
  region size 1024K, 5 young (5120K), 5 survivors (5120K)
 Metaspace       used 74226K, committed 76288K, reserved 491520K
  class space    used 10833K, committed 11840K, reserved 425984K
}
Event: 176.917 GC heap before
{Heap before GC invocations=28 (full 0):
 garbage-first heap   total 137216K, used 121595K [0x0000000080000000, 0x0000000100000000)
  region size 1024K, 35 young (35840K), 5 survivors (5120K)
 Metaspace       used 77089K, committed 79168K, reserved 557056K
  class space    used 11115K, committed 12096K, reserved 425984K
}
Event: 176.928 GC heap after
{Heap after GC invocations=29 (full 0):
 garbage-first heap   total 137216K, used 89765K [0x0000000080000000, 0x0000000100000000)
  region size 1024K, 1 young (1024K), 1 survivors (1024K)
 Metaspace       used 77089K, committed 79168K, reserved 557056K
  class space    used 11115K, committed 12096K, reserved 425984K
}

